#
# There is insufficient memory for the Java Runtime Environment to continue.
# Native memory allocation (mmap) failed to map 98566144 bytes for Failed to commit area from 0x00000000a3200000 to 0x00000000a9000000 of length 98566144.
# Possible reasons:
#   The system is out of physical RAM or swap space
#   The process is running with CompressedOops enabled, and the Java Heap may be blocking the growth of the native heap
# Possible solutions:
#   Reduce memory load on the system
#   Increase physical memory or swap space
#   Check if swap backing store is full
#   Decrease Java heap size (-Xmx/-Xms)
#   Decrease number of Java threads
#   Decrease Java thread stack sizes (-Xss)
#   Set larger code cache with -XX:ReservedCodeCacheSize=
# This output file may be truncated or incomplete.
#
#  Out of Memory Error (./open/src/hotspot/os/windows/os_windows.cpp:3287), pid=2848, tid=8436
#
# JRE version:  (11.0.15+8) (build )
# Java VM: Java HotSpot(TM) 64-Bit Server VM (11.0.15+8-LTS-149, mixed mode, sharing, tiered, compressed oops, g1 gc, windows-amd64)
# No core dump will be written. Minidumps are not enabled by default on client versions of Windows
#

---------------  S U M M A R Y ------------

Command Line: -Dclassworlds.conf=C:\Program Files\NetBeans-12.4\netbeans\java\maven\bin\..\bin\m2.conf -Dmaven.home=C:\Program Files\NetBeans-12.4\netbeans\java\maven\bin\.. -Dlibrary.jansi.path=C:\Program Files\NetBeans-12.4\netbeans\java\maven\bin\..\lib\jansi-native -Dmaven.multiModuleProjectDirectory=D:\Documents\Diplomado MinTic\desarrollo software\Reto3G33\Reto3G33 org.codehaus.plexus.classworlds.launcher.Launcher -DskipTests=true -Dmaven.ext.class.path=C:\Program Files\NetBeans-12.4\netbeans\java\maven-nblib\netbeans-eventspy.jar --fail-at-end package

Host: Intel(R) Core(TM) i3 CPU       M 370  @ 2.40GHz, 4 cores, 5G,  Windows 10 , 64 bit Build 17763 (10.0.17763.1)
Time: Tue Oct 11 14:46:45 2022 Hora est. Pacífico, Sudamérica elapsed time: 0.290401 seconds (0d 0h 0m 0s)

---------------  T H R E A D  ---------------

Current thread (0x000002bbdd742000):  JavaThread "Unknown thread" [_thread_in_vm, id=8436, stack(0x000000cdea100000,0x000000cdea200000)]

Stack: [0x000000cdea100000,0x000000cdea200000]
Native frames: (J=compiled Java code, j=interpreted, Vv=VM code, C=native code)
V  [jvm.dll+0x629d8a]
V  [jvm.dll+0x7638ff]
V  [jvm.dll+0x764fa9]
V  [jvm.dll+0x765633]
V  [jvm.dll+0x23d9c8]
V  [jvm.dll+0x6270aa]
V  [jvm.dll+0x61be35]
V  [jvm.dll+0x2f27dc]
V  [jvm.dll+0x2f2662]
V  [jvm.dll+0x2f7386]
V  [jvm.dll+0x339d8f]
V  [jvm.dll+0x3397c0]
V  [jvm.dll+0x2cfdf8]
V  [jvm.dll+0x2d0f66]
V  [jvm.dll+0x73df07]
V  [jvm.dll+0x73f79f]
V  [jvm.dll+0x346ab9]
V  [jvm.dll+0x723810]
V  [jvm.dll+0x3b56cf]
V  [jvm.dll+0x3b77e1]
C  [jli.dll+0x5207]
C  [ucrtbase.dll+0x203ba]
C  [KERNEL32.DLL+0x17e94]
C  [ntdll.dll+0x67ad1]


---------------  P R O C E S S  ---------------

Threads class SMR info:
_java_thread_list=0x000002bbdb36a7c0, length=0, elements={
}

Java Threads: ( => current thread )

Other Threads:
  0x000002bbdd75c000 GCTaskThread "GC Thread#0" [stack: 0x000000cdea200000,0x000000cdea300000] [id=4216]
  0x000002bbdd77e000 ConcurrentGCThread "G1 Main Marker" [stack: 0x000000cdea300000,0x000000cdea400000] [id=9668]
  0x000002bbf74ae000 ConcurrentGCThread "G1 Conc#0" [stack: 0x000000cdea400000,0x000000cdea500000] [id=8560]

[error occurred during error reporting (printing all threads), id 0xc0000005, EXCEPTION_ACCESS_VIOLATION (0xc0000005) at pc=0x00007ff9d936f087]

VM state:not at safepoint (not fully initialized)

VM Mutex/Monitor currently owned by a thread:  ([mutex/lock_event])
[0x000002bbdd737af0] Heap_lock - owner thread: 0x000002bbdd742000

Heap address: 0x00000000a3200000, size: 1486 MB, Compressed Oops mode: Non-zero based: 0x00000000a3200000
Narrow klass base: 0x0000000000000000, Narrow klass shift: 0

GC Heap History (0 events):
No events

Deoptimization events (0 events):
No events

Classes redefined (0 events):
No events

Internal exceptions (0 events):
No events

Events (0 events):
No events


Dynamic libraries:
0x00007ff76c830000 - 0x00007ff76c83f000 	C:\Program Files\Java\jdk-11.0.15\bin\java.exe
0x00007ffa124d0000 - 0x00007ffa126bd000 	C:\Windows\SYSTEM32\ntdll.dll
0x00007ffa123e0000 - 0x00007ffa12493000 	C:\Windows\System32\KERNEL32.DLL
0x00007ffa0e6d0000 - 0x00007ffa0e963000 	C:\Windows\System32\KERNELBASE.dll
0x00007ffa0c880000 - 0x00007ffa0c90c000 	C:\Windows\SYSTEM32\apphelp.dll
0x00007ff9ee540000 - 0x00007ff9ee9d1000 	C:\Windows\SYSTEM32\AcLayers.DLL
0x00007ffa0f700000 - 0x00007ffa0f79e000 	C:\Windows\System32\msvcrt.dll
0x00007ffa10280000 - 0x00007ffa10417000 	C:\Windows\System32\USER32.dll
0x00007ffa0ecf0000 - 0x00007ffa0ed10000 	C:\Windows\System32\win32u.dll
0x00007ffa101d0000 - 0x00007ffa101f9000 	C:\Windows\System32\GDI32.dll
0x00007ffa0e970000 - 0x00007ffa0eb0a000 	C:\Windows\System32\gdi32full.dll
0x00007ffa0e630000 - 0x00007ffa0e6d0000 	C:\Windows\System32\msvcp_win.dll
0x00007ffa0ee90000 - 0x00007ffa0ef8c000 	C:\Windows\System32\ucrtbase.dll
0x00007ffa0fc80000 - 0x00007ffa0fcd2000 	C:\Windows\System32\SHLWAPI.dll
0x00007ffa0fd40000 - 0x00007ffa1006e000 	C:\Windows\System32\combase.dll
0x00007ffa122b0000 - 0x00007ffa123d3000 	C:\Windows\System32\RPCRT4.dll
0x00007ffa0ed10000 - 0x00007ffa0ed8e000 	C:\Windows\System32\bcryptPrimitives.dll
0x00007ffa11d60000 - 0x00007ffa11e03000 	C:\Windows\System32\ADVAPI32.dll
0x00007ffa0fbd0000 - 0x00007ffa0fc6e000 	C:\Windows\System32\sechost.dll
0x000002bbdb0d0000 - 0x000002bbdb0d3000 	C:\Windows\SYSTEM32\sfc.dll
0x00007ffa06460000 - 0x00007ffa064e9000 	C:\Windows\SYSTEM32\WINSPOOL.DRV
0x00007ffa0e580000 - 0x00007ffa0e591000 	C:\Windows\System32\kernel.appcore.dll
0x00007ffa0e5a0000 - 0x00007ffa0e5c6000 	C:\Windows\System32\bcrypt.dll
0x00007ffa0aa30000 - 0x00007ffa0abd8000 	C:\Windows\SYSTEM32\PROPSYS.dll
0x00007ffa0fb00000 - 0x00007ffa0fbcb000 	C:\Windows\System32\OLEAUT32.dll
0x00007ffa0fa50000 - 0x00007ffa0faf8000 	C:\Windows\System32\shcore.dll
0x00007ffa0da60000 - 0x00007ffa0da9d000 	C:\Windows\SYSTEM32\IPHLPAPI.DLL
0x00007ff9f8360000 - 0x00007ff9f8372000 	C:\Windows\SYSTEM32\sfc_os.DLL
0x00007ffa081a0000 - 0x00007ffa081b1000 	C:\Windows\SYSTEM32\SortWindows61.dll
0x00007ffa0f7a0000 - 0x00007ffa0f7ce000 	C:\Windows\System32\IMM32.DLL
0x00007ffa070e0000 - 0x00007ffa070f5000 	C:\Program Files\Java\jdk-11.0.15\bin\VCRUNTIME140.dll
0x00007ffa09e80000 - 0x00007ffa09e98000 	C:\Program Files\Java\jdk-11.0.15\bin\jli.dll
0x00007ffa066a0000 - 0x00007ffa06919000 	C:\Windows\WinSxS\amd64_microsoft.windows.common-controls_6595b64144ccf1df_6.0.17763.1_none_f040600eff408c2d\COMCTL32.dll
0x00007ffa04840000 - 0x00007ffa0484a000 	C:\Windows\SYSTEM32\VERSION.dll
0x00007ff9f6df0000 - 0x00007ff9f6e8b000 	C:\Program Files\Java\jdk-11.0.15\bin\msvcp140.dll
0x00007ff9d9090000 - 0x00007ff9d9ba6000 	C:\Program Files\Java\jdk-11.0.15\bin\server\jvm.dll
0x00007ffa11a50000 - 0x00007ffa11a58000 	C:\Windows\System32\PSAPI.DLL
0x00007ffa08f50000 - 0x00007ffa08f59000 	C:\Windows\SYSTEM32\WSOCK32.dll
0x00007ffa0f830000 - 0x00007ffa0f89d000 	C:\Windows\System32\WS2_32.dll
0x00007ffa0c740000 - 0x00007ffa0c764000 	C:\Windows\SYSTEM32\WINMM.dll
0x00007ffa0c780000 - 0x00007ffa0c7ad000 	C:\Windows\SYSTEM32\WINMMBASE.dll
0x00007ffa0ee40000 - 0x00007ffa0ee8a000 	C:\Windows\System32\cfgmgr32.dll
0x00007ffa08200000 - 0x00007ffa08210000 	C:\Program Files\Java\jdk-11.0.15\bin\verify.dll
0x00007ff9fed00000 - 0x00007ff9feeed000 	C:\Windows\SYSTEM32\DBGHELP.DLL
0x00007ff9fe7d0000 - 0x00007ff9fe7fa000 	C:\Windows\SYSTEM32\dbgcore.DLL
0x00007ff9fbae0000 - 0x00007ff9fbb08000 	C:\Program Files\Java\jdk-11.0.15\bin\java.dll
0x00007ffa073f0000 - 0x00007ffa073fa000 	C:\Program Files\Java\jdk-11.0.15\bin\jimage.dll
0x00007ffa02660000 - 0x00007ffa02676000 	C:\Program Files\Java\jdk-11.0.15\bin\zip.dll

dbghelp: loaded successfully - version: 4.0.5 - missing functions: none
symbol engine: initialized successfully - sym options: 0x614 - pdb path: .;C:\Program Files\Java\jdk-11.0.15\bin;C:\Windows\SYSTEM32;C:\Windows\WinSxS\amd64_microsoft.windows.common-controls_6595b64144ccf1df_6.0.17763.1_none_f040600eff408c2d;C:\Program Files\Java\jdk-11.0.15\bin\server

VM Arguments:
jvm_args: -Dclassworlds.conf=C:\Program Files\NetBeans-12.4\netbeans\java\maven\bin\..\bin\m2.conf -Dmaven.home=C:\Program Files\NetBeans-12.4\netbeans\java\maven\bin\.. -Dlibrary.jansi.path=C:\Program Files\NetBeans-12.4\netbeans\java\maven\bin\..\lib\jansi-native -Dmaven.multiModuleProjectDirectory=D:\Documents\Diplomado MinTic\desarrollo software\Reto3G33\Reto3G33 
java_command: org.codehaus.plexus.classworlds.launcher.Launcher -DskipTests=true -Dmaven.ext.class.path=C:\Program Files\NetBeans-12.4\netbeans\java\maven-nblib\netbeans-eventspy.jar --fail-at-end package
java_class_path (initial): C:\Program Files\NetBeans-12.4\netbeans\java\maven\bin\..\boot\plexus-classworlds-2.6.0.jar
Launcher Type: SUN_STANDARD

[Global flags]
     intx CICompilerCount                          = 3                                         {product} {ergonomic}
     uint ConcGCThreads                            = 1                                         {product} {ergonomic}
     uint G1ConcRefinementThreads                  = 4                                         {product} {ergonomic}
   size_t G1HeapRegionSize                         = 1048576                                   {product} {ergonomic}
    uintx GCDrainStackTargetSize                   = 64                                        {product} {ergonomic}
   size_t InitialHeapSize                          = 98566144                                  {product} {ergonomic}
   size_t MarkStackSize                            = 4194304                                   {product} {ergonomic}
   size_t MaxHeapSize                              = 1558183936                                {product} {ergonomic}
   size_t MinHeapDeltaBytes                        = 1048576                                   {product} {ergonomic}
    uintx NonNMethodCodeHeapSize                   = 5830732                                {pd product} {ergonomic}
    uintx NonProfiledCodeHeapSize                  = 122913754                              {pd product} {ergonomic}
    uintx ProfiledCodeHeapSize                     = 122913754                              {pd product} {ergonomic}
    uintx ReservedCodeCacheSize                    = 251658240                              {pd product} {ergonomic}
     bool SegmentedCodeCache                       = true                                      {product} {ergonomic}
     bool UseCompressedClassPointers               = true                                 {lp64_product} {ergonomic}
     bool UseCompressedOops                        = true                                 {lp64_product} {ergonomic}
     bool UseG1GC                                  = true                                      {product} {ergonomic}
     bool UseLargePagesIndividualAllocation        = false                                  {pd product} {ergonomic}

Logging:
Log output configuration:
 #0: stdout all=warning uptime,level,tags
 #1: stderr all=off uptime,level,tags

Environment Variables:
JAVA_HOME=C:\Program Files\Java\jdk-11.0.15
PATH=C:\Python310\Scripts\;C:\Python310\;C:\Program Files\Common Files\Oracle\Java\javapath;C:\Windows\system32;C:\Windows;C:\Windows\System32\Wbem;C:\Windows\System32\WindowsPowerShell\v1.0\;C:\Windows\System32\OpenSSH\;C:\Program Files\Git\cmd;C:\Program Files\nodejs\;C:\ProgramData\chocolatey\bin;C:\Users\vivi\AppData\Local\Microsoft\WindowsApps;C:\Users\vivi\AppData\Local\Programs\Microsoft VS Code\bin;C:\Users\vivi\AppData\Local\GitHubDesktop\bin;C:\Users\vivi\AppData\Roaming\npm
USERNAME=vivi
OS=Windows_NT
PROCESSOR_IDENTIFIER=Intel64 Family 6 Model 37 Stepping 5, GenuineIntel



---------------  S Y S T E M  ---------------

OS: Windows 10 , 64 bit Build 17763 (10.0.17763.1)

CPU:total 4 (initial active 4) (2 cores per cpu, 2 threads per core) family 6 model 37 stepping 5 microcode 0x7, cmov, cx8, fxsr, mmx, sse, sse2, sse3, ssse3, sse4.1, sse4.2, popcnt, ht, tsc, tscinvbit

Memory: 4k page, system-wide physical 5941M (402M free)
TotalPageFile size 5941M (AvailPageFile size 57M)
current process WorkingSet (physical memory assigned to process): 14M, peak: 14M
current process commit charge ("private bytes"): 58M, peak: 150M

vm_info: Java HotSpot(TM) 64-Bit Server VM (11.0.15+8-LTS-149) for windows-amd64 JRE (11.0.15+8-LTS-149), built on Mar  9 2022 22:42:32 by "mach5one" with MS VC++ 15.9 (VS2017)

END.
